[0622/002326.932:ERROR:process_memory_win.cc(73)] ReadMemory at 0x7ff76df60000 of 64 bytes failed: Only part of a ReadProcessMemory or WriteProcessMemory request was completed. (0x12B)
[0622/002326.933:WARNING:pe_image_reader.cc(340)] could not read dos header from C:\Program Files (x86)\Google\Chrome\Application\chrome.exe
[0622/002326.933:ERROR:process_memory_win.cc(73)] ReadMemory at 0x7ffdfba40000 of 64 bytes failed: Only part of a ReadProcessMemory or WriteProcessMemory request was completed. (0x12B)
[0622/002326.933:WARNING:pe_image_reader.cc(340)] could not read dos header from C:\WINDOWS\SYSTEM32\ntdll.dll
[0622/002326.934:ERROR:process_memory_win.cc(73)] ReadMemory at 0x7ffdfb220000 of 64 bytes failed: Only part of a ReadProcessMemory or WriteProcessMemory request was completed. (0x12B)
[0622/002327.529:WARNING:pe_image_reader.cc(340)] could not read dos header from C:\WINDOWS\System32\KERNEL32.DLL
[0622/002327.529:ERROR:process_memory_win.cc(73)] ReadMemory at 0x7ffdf9150000 of 64 bytes failed: Only part of a ReadProcessMemory or WriteProcessMemory request was completed. (0x12B)
[0622/002327.530:WARNING:pe_image_reader.cc(340)] could not read dos header from C:\WINDOWS\System32\KERNELBASE.dll
[0622/002327.530:ERROR:process_memory_win.cc(73)] ReadMemory at 0x7ffdd72c0000 of 64 bytes failed: Only part of a ReadProcessMemory or WriteProcessMemory request was completed. (0x12B)
[0622/002327.530:WARNING:pe_image_reader.cc(340)] could not read dos header from C:\Program Files (x86)\Google\Chrome\Application\83.0.4103.106\chrome_elf.dll
[0622/002327.530:ERROR:process_memory_win.cc(73)] ReadMemory at 0x7ffdee6e0000 of 64 bytes failed: Only part of a ReadProcessMemory or WriteProcessMemory request was completed. (0x12B)
[0622/002327.530:WARNING:pe_image_reader.cc(340)] could not read dos header from C:\WINDOWS\SYSTEM32\VERSION.dll
[0622/002327.530:ERROR:process_memory_win.cc(73)] ReadMemory at 0x7ffdfa2d0000 of 64 bytes failed: Only part of a ReadProcessMemory or WriteProcessMemory request was completed. (0x12B)
[0622/002327.530:WARNING:pe_image_reader.cc(340)] could not read dos header from C:\WINDOWS\System32\msvcrt.dll
[0622/002327.530:ERROR:process_memory_win.cc(73)] ReadMemory at 0x7ffdf9740000 of 64 bytes failed: Only part of a ReadProcessMemory or WriteProcessMemory request was completed. (0x12B)
[0622/002327.530:WARNING:pe_image_reader.cc(340)] could not read dos header from C:\WINDOWS\System32\bcryptPrimitives.dll
[0622/002327.530:ERROR:process_memory_win.cc(73)] ReadMemory at 0x7ffdfadf0000 of 64 bytes failed: Only part of a ReadProcessMemory or WriteProcessMemory request was completed. (0x12B)
[0622/002327.530:WARNING:pe_image_reader.cc(340)] could not read dos header from C:\WINDOWS\System32\ADVAPI32.dll
[0622/002327.530:ERROR:process_memory_win.cc(73)] ReadMemory at 0x7ffdfb8e0000 of 64 bytes failed: Only part of a ReadProcessMemory or WriteProcessMemory request was completed. (0x12B)
[0622/002327.530:WARNING:pe_image_reader.cc(340)] could not read dos header from C:\WINDOWS\System32\sechost.dll
[0622/002327.530:ERROR:process_memory_win.cc(73)] ReadMemory at 0x7ffdfafa0000 of 64 bytes failed: Only part of a ReadProcessMemory or WriteProcessMemory request was completed. (0x12B)
[0622/002327.530:WARNING:pe_image_reader.cc(340)] could not read dos header from C:\WINDOWS\System32\RPCRT4.dll
[0622/002327.530:ERROR:process_memory_win.cc(73)] ReadMemory at 0x7ffd7d410000 of 64 bytes failed: Only part of a ReadProcessMemory or WriteProcessMemory request was completed. (0x12B)
[0622/002327.530:WARNING:pe_image_reader.cc(340)] could not read dos header from C:\Program Files (x86)\Google\Chrome\Application\83.0.4103.106\chrome.dll
[0622/002327.530:ERROR:process_memory_win.cc(73)] ReadMemory at 0x7ffdfaf30000 of 64 bytes failed: Only part of a ReadProcessMemory or WriteProcessMemory request was completed. (0x12B)
[0622/002327.530:WARNING:pe_image_reader.cc(340)] could not read dos header from C:\WINDOWS\System32\WS2_32.dll
[0622/002327.530:ERROR:process_memory_win.cc(73)] ReadMemory at 0x7ffdfb810000 of 64 bytes failed: Only part of a ReadProcessMemory or WriteProcessMemory request was completed. (0x12B)
[0622/002327.530:WARNING:pe_image_reader.cc(340)] could not read dos header from C:\WINDOWS\System32\OLEAUT32.dll
[0622/002327.530:ERROR:process_memory_win.cc(73)] ReadMemory at 0x7ffdf9940000 of 64 bytes failed: Only part of a ReadProcessMemory or WriteProcessMemory request was completed. (0x12B)
[0622/002327.530:WARNING:pe_image_reader.cc(340)] could not read dos header from C:\WINDOWS\System32\msvcp_win.dll
[0622/002327.530:ERROR:process_memory_win.cc(73)] ReadMemory at 0x7ffdf97f0000 of 64 bytes failed: Only part of a ReadProcessMemory or WriteProcessMemory request was completed. (0x12B)
[0622/002327.530:WARNING:pe_image_reader.cc(340)] could not read dos header from C:\WINDOWS\System32\ucrtbase.dll
[0622/002327.530:ERROR:process_memory_win.cc(73)] ReadMemory at 0x7ffdfb440000 of 64 bytes failed: Only part of a ReadProcessMemory or WriteProcessMemory request was completed. (0x12B)
[0622/002327.530:WARNING:pe_image_reader.cc(340)] could not read dos header from C:\WINDOWS\System32\combase.dll
[0622/002327.530:ERROR:process_memory_win.cc(73)] ReadMemory at 0x7ffdf9a90000 of 64 bytes failed: Only part of a ReadProcessMemory or WriteProcessMemory request was completed. (0x12B)
[0622/002327.530:WARNING:pe_image_reader.cc(340)] could not read dos header from C:\WINDOWS\System32\WINTRUST.dll
[0622/002327.530:ERROR:process_memory_win.cc(73)] ReadMemory at 0x7ffdf89b0000 of 64 bytes failed: Only part of a ReadProcessMemory or WriteProcessMemory request was completed. (0x12B)
[0622/002327.530:WARNING:pe_image_reader.cc(340)] could not read dos header from C:\WINDOWS\System32\MSASN1.dll
[0622/002327.530:ERROR:process_memory_win.cc(73)] ReadMemory at 0x7ffdf95f0000 of 64 bytes failed: Only part of a ReadProcessMemory or WriteProcessMemory request was completed. (0x12B)
[0622/002327.530:WARNING:pe_image_reader.cc(340)] could not read dos header from C:\WINDOWS\System32\CRYPT32.dll
[0622/002327.530:ERROR:process_memory_win.cc(73)] ReadMemory at 0x7ffdf7e40000 of 64 bytes failed: Only part of a ReadProcessMemory or WriteProcessMemory request was completed. (0x12B)
[0622/002327.530:WARNING:pe_image_reader.cc(340)] could not read dos header from C:\WINDOWS\SYSTEM32\IPHLPAPI.DLL
[0622/002327.530:ERROR:process_memory_win.cc(73)] ReadMemory at 0x7ffdf3e20000 of 64 bytes failed: Only part of a ReadProcessMemory or WriteProcessMemory request was completed. (0x12B)
[0622/002327.530:WARNING:pe_image_reader.cc(340)] could not read dos header from C:\WINDOWS\SYSTEM32\WINMM.dll
[0622/002327.530:ERROR:process_memory_win.cc(73)] ReadMemory at 0x7ffde2b60000 of 64 bytes failed: Only part of a ReadProcessMemory or WriteProcessMemory request was completed. (0x12B)
[0622/002327.530:WARNING:pe_image_reader.cc(340)] could not read dos header from C:\WINDOWS\SYSTEM32\Secur32.dll
[0622/002327.530:ERROR:process_memory_win.cc(73)] ReadMemory at 0x7ffdf8820000 of 64 bytes failed: Only part of a ReadProcessMemory or WriteProcessMemory request was completed. (0x12B)
[0622/002327.530:WARNING:pe_image_reader.cc(340)] could not read dos header from C:\WINDOWS\SYSTEM32\USERENV.dll
[0622/002327.530:ERROR:process_memory_win.cc(73)] ReadMemory at 0x7ffdf8980000 of 64 bytes failed: Only part of a ReadProcessMemory or WriteProcessMemory request was completed. (0x12B)
[0622/002327.530:WARNING:pe_image_reader.cc(340)] could not read dos header from C:\WINDOWS\System32\profapi.dll
[0622/002327.530:ERROR:process_memory_win.cc(73)] ReadMemory at 0x7ffdd1d40000 of 64 bytes failed: Only part of a ReadProcessMemory or WriteProcessMemory request was completed. (0x12B)
[0622/002327.530:WARNING:pe_image_reader.cc(340)] could not read dos header from C:\WINDOWS\SYSTEM32\UIAutomationCore.DLL
[0622/002327.530:ERROR:process_memory_win.cc(73)] ReadMemory at 0x7ffde7db0000 of 64 bytes failed: Only part of a ReadProcessMemory or WriteProcessMemory request was completed. (0x12B)
[0622/002327.530:WARNING:pe_image_reader.cc(340)] could not read dos header from C:\WINDOWS\SYSTEM32\DWrite.dll
[0622/002327.530:ERROR:process_memory_win.cc(73)] ReadMemory at 0x7ffdea820000 of 64 bytes failed: Only part of a ReadProcessMemory or WriteProcessMemory request was completed. (0x12B)
[0622/002327.530:WARNING:pe_image_reader.cc(340)] could not read dos header from C:\WINDOWS\SYSTEM32\WINSPOOL.DRV
[0622/002327.530:ERROR:process_memory_win.cc(73)] ReadMemory at 0x7ffdf8960000 of 64 bytes failed: Only part of a ReadProcessMemory or WriteProcessMemory request was completed. (0x12B)
[0622/002327.530:WARNING:pe_image_reader.cc(340)] could not read dos header from C:\WINDOWS\System32\kernel.appcore.dll
[0622/002327.530:ERROR:process_memory_win.cc(73)] ReadMemory at 0x7ffdf97c0000 of 64 bytes failed: Only part of a ReadProcessMemory or WriteProcessMemory request was completed. (0x12B)
[0622/002327.530:WARNING:pe_image_reader.cc(340)] could not read dos header from C:\WINDOWS\System32\bcrypt.dll
[0622/002327.530:ERROR:process_memory_win.cc(73)] ReadMemory at 0x7ffdf0020000 of 64 bytes failed: Only part of a ReadProcessMemory or WriteProcessMemory request was completed. (0x12B)
[0622/002327.530:WARNING:pe_image_reader.cc(340)] could not read dos header from C:\WINDOWS\SYSTEM32\dbghelp.dll
[0622/002327.530:ERROR:process_memory_win.cc(73)] ReadMemory at 0x7ffdf3010000 of 64 bytes failed: Only part of a ReadProcessMemory or WriteProcessMemory request was completed. (0x12B)
[0622/002327.530:WARNING:pe_image_reader.cc(340)] could not read dos header from C:\WINDOWS\SYSTEM32\WINHTTP.dll
[0622/002327.530:ERROR:process_memory_win.cc(73)] ReadMemory at 0x7ffdf28c0000 of 64 bytes failed: Only part of a ReadProcessMemory or WriteProcessMemory request was completed. (0x12B)
[0622/002327.530:WARNING:pe_image_reader.cc(340)] could not read dos header from C:\WINDOWS\SYSTEM32\dhcpcsvc.DLL
[0622/002327.530:ERROR:process_memory_win.cc(73)] ReadMemory at 0x7ffdfb780000 of 64 bytes failed: Only part of a ReadProcessMemory or WriteProcessMemory request was completed. (0x12B)
[0622/002327.530:WARNING:pe_image_reader.cc(340)] could not read dos header from C:\WINDOWS\System32\NSI.dll
[0622/002327.530:ERROR:process_memory_win.cc(73)] ReadMemory at 0x7ffdf3d90000 of 64 bytes failed: Only part of a ReadProcessMemory or WriteProcessMemory request was completed. (0x12B)
[0622/002327.530:WARNING:pe_image_reader.cc(340)] could not read dos header from C:\WINDOWS\SYSTEM32\WINMMBASE.dll
[0622/002327.530:ERROR:process_memory_win.cc(73)] ReadMemory at 0x7ffdf98f0000 of 64 bytes failed: Only part of a ReadProcessMemory or WriteProcessMemory request was completed. (0x12B)
[0622/002327.530:WARNING:pe_image_reader.cc(340)] could not read dos header from C:\WINDOWS\System32\cfgmgr32.dll
[0622/002327.530:ERROR:process_memory_win.cc(73)] ReadMemory at 0x7ffdf69e0000 of 64 bytes failed: Only part of a ReadProcessMemory or WriteProcessMemory request was completed. (0x12B)
[0622/002327.530:WARNING:pe_image_reader.cc(340)] could not read dos header from C:\WINDOWS\SYSTEM32\PROPSYS.dll
[0622/002327.530:ERROR:process_memory_win.cc(73)] ReadMemory at 0x7ffdf9db0000 of 64 bytes failed: Only part of a ReadProcessMemory or WriteProcessMemory request was completed. (0x12B)
[0622/002327.530:WARNING:pe_image_reader.cc(340)] could not read dos header from C:\WINDOWS\System32\shcore.dll
[0622/002327.530:ERROR:process_memory_win.cc(73)] ReadMemory at 0x7ffdf87f0000 of 64 bytes failed: Only part of a ReadProcessMemory or WriteProcessMemory request was completed. (0x12B)
[0622/002327.530:WARNING:pe_image_reader.cc(340)] could not read dos header from C:\WINDOWS\SYSTEM32\SSPICLI.DLL
[0622/002327.530:ERROR:process_memory_win.cc(73)] ReadMemory at 0x7ffdf82a0000 of 64 bytes failed: Only part of a ReadProcessMemory or WriteProcessMemory request was completed. (0x12B)
[0622/002327.530:WARNING:pe_image_reader.cc(340)] could not read dos header from C:\WINDOWS\SYSTEM32\CRYPTBASE.DLL
[0622/002327.530:ERROR:process_memory_win.cc(73)] ReadMemory at 0x7ff76df60000 of 64 bytes failed: Only part of a ReadProcessMemory or WriteProcessMemory request was completed. (0x12B)
[0622/002327.530:WARNING:pe_image_reader.cc(340)] could not read dos header from C:\Program Files (x86)\Google\Chrome\Application\chrome.exe
[0622/002327.530:ERROR:process_memory_win.cc(73)] ReadMemory at 0x7ffdfba40000 of 64 bytes failed: Only part of a ReadProcessMemory or WriteProcessMemory request was completed. (0x12B)
[0622/002327.530:WARNING:pe_image_reader.cc(340)] could not read dos header from C:\WINDOWS\SYSTEM32\ntdll.dll
[0622/002327.530:ERROR:process_memory_win.cc(73)] ReadMemory at 0x7ffdfb220000 of 64 bytes failed: Only part of a ReadProcessMemory or WriteProcessMemory request was completed. (0x12B)
[0622/002327.530:WARNING:pe_image_reader.cc(340)] could not read dos header from C:\WINDOWS\System32\KERNEL32.DLL
[0622/002327.530:ERROR:process_memory_win.cc(73)] ReadMemory at 0x7ffdf9150000 of 64 bytes failed: Only part of a ReadProcessMemory or WriteProcessMemory request was completed. (0x12B)
[0622/002327.530:WARNING:pe_image_reader.cc(340)] could not read dos header from C:\WINDOWS\System32\KERNELBASE.dll
[0622/002327.530:ERROR:process_memory_win.cc(73)] ReadMemory at 0x7ffdd72c0000 of 64 bytes failed: Only part of a ReadProcessMemory or WriteProcessMemory request was completed. (0x12B)
[0622/002327.530:WARNING:pe_image_reader.cc(340)] could not read dos header from C:\Program Files (x86)\Google\Chrome\Application\83.0.4103.106\chrome_elf.dll
[0622/002327.530:ERROR:process_memory_win.cc(73)] ReadMemory at 0x7ffdee6e0000 of 64 bytes failed: Only part of a ReadProcessMemory or WriteProcessMemory request was completed. (0x12B)
[0622/002327.530:WARNING:pe_image_reader.cc(340)] could not read dos header from C:\WINDOWS\SYSTEM32\VERSION.dll
[0622/002327.530:ERROR:process_memory_win.cc(73)] ReadMemory at 0x7ffdfa2d0000 of 64 bytes failed: Only part of a ReadProcessMemory or WriteProcessMemory request was completed. (0x12B)
[0622/002327.530:WARNING:pe_image_reader.cc(340)] could not read dos header from C:\WINDOWS\System32\msvcrt.dll
[0622/002327.530:ERROR:process_memory_win.cc(73)] ReadMemory at 0x7ffdf9740000 of 64 bytes failed: Only part of a ReadProcessMemory or WriteProcessMemory request was completed. (0x12B)
[0622/002327.530:WARNING:pe_image_reader.cc(340)] could not read dos header from C:\WINDOWS\System32\bcryptPrimitives.dll
[0622/002327.530:ERROR:process_memory_win.cc(73)] ReadMemory at 0x7ffdfadf0000 of 64 bytes failed: Only part of a ReadProcessMemory or WriteProcessMemory request was completed. (0x12B)
[0622/002327.530:WARNING:pe_image_reader.cc(340)] could not read dos header from C:\WINDOWS\System32\ADVAPI32.dll
[0622/002327.530:ERROR:process_memory_win.cc(73)] ReadMemory at 0x7ffdfb8e0000 of 64 bytes failed: Only part of a ReadProcessMemory or WriteProcessMemory request was completed. (0x12B)
[0622/002327.530:WARNING:pe_image_reader.cc(340)] could not read dos header from C:\WINDOWS\System32\sechost.dll
[0622/002327.530:ERROR:process_memory_win.cc(73)] ReadMemory at 0x7ffdfafa0000 of 64 bytes failed: Only part of a ReadProcessMemory or WriteProcessMemory request was completed. (0x12B)
[0622/002327.530:WARNING:pe_image_reader.cc(340)] could not read dos header from C:\WINDOWS\System32\RPCRT4.dll
[0622/002327.530:ERROR:process_memory_win.cc(73)] ReadMemory at 0x7ffd7d410000 of 64 bytes failed: Only part of a ReadProcessMemory or WriteProcessMemory request was completed. (0x12B)
[0622/002327.530:WARNING:pe_image_reader.cc(340)] could not read dos header from C:\Program Files (x86)\Google\Chrome\Application\83.0.4103.106\chrome.dll
[0622/002327.530:ERROR:process_memory_win.cc(73)] ReadMemory at 0x7ffdfaf30000 of 64 bytes failed: Only part of a ReadProcessMemory or WriteProcessMemory request was completed. (0x12B)
[0622/002327.530:WARNING:pe_image_reader.cc(340)] could not read dos header from C:\WINDOWS\System32\WS2_32.dll
[0622/002327.530:ERROR:process_memory_win.cc(73)] ReadMemory at 0x7ffdfb810000 of 64 bytes failed: Only part of a ReadProcessMemory or WriteProcessMemory request was completed. (0x12B)
[0622/002327.530:WARNING:pe_image_reader.cc(340)] could not read dos header from C:\WINDOWS\System32\OLEAUT32.dll
[0622/002327.530:ERROR:process_memory_win.cc(73)] ReadMemory at 0x7ffdf9940000 of 64 bytes failed: Only part of a ReadProcessMemory or WriteProcessMemory request was completed. (0x12B)
[0622/002327.530:WARNING:pe_image_reader.cc(340)] could not read dos header from C:\WINDOWS\System32\msvcp_win.dll
[0622/002327.530:ERROR:process_memory_win.cc(73)] ReadMemory at 0x7ffdf97f0000 of 64 bytes failed: Only part of a ReadProcessMemory or WriteProcessMemory request was completed. (0x12B)
[0622/002327.530:WARNING:pe_image_reader.cc(340)] could not read dos header from C:\WINDOWS\System32\ucrtbase.dll
[0622/002327.530:ERROR:process_memory_win.cc(73)] ReadMemory at 0x7ffdfb440000 of 64 bytes failed: Only part of a ReadProcessMemory or WriteProcessMemory request was completed. (0x12B)
[0622/002327.530:WARNING:pe_image_reader.cc(340)] could not read dos header from C:\WINDOWS\System32\combase.dll
[0622/002327.530:ERROR:process_memory_win.cc(73)] ReadMemory at 0x7ffdf9a90000 of 64 bytes failed: Only part of a ReadProcessMemory or WriteProcessMemory request was completed. (0x12B)
[0622/002327.530:WARNING:pe_image_reader.cc(340)] could not read dos header from C:\WINDOWS\System32\WINTRUST.dll
[0622/002327.530:ERROR:process_memory_win.cc(73)] ReadMemory at 0x7ffdf89b0000 of 64 bytes failed: Only part of a ReadProcessMemory or WriteProcessMemory request was completed. (0x12B)
[0622/002327.530:WARNING:pe_image_reader.cc(340)] could not read dos header from C:\WINDOWS\System32\MSASN1.dll
[0622/002327.530:ERROR:process_memory_win.cc(73)] ReadMemory at 0x7ffdf95f0000 of 64 bytes failed: Only part of a ReadProcessMemory or WriteProcessMemory request was completed. (0x12B)
[0622/002327.530:WARNING:pe_image_reader.cc(340)] could not read dos header from C:\WINDOWS\System32\CRYPT32.dll
[0622/002327.530:ERROR:process_memory_win.cc(73)] ReadMemory at 0x7ffdf7e40000 of 64 bytes failed: Only part of a ReadProcessMemory or WriteProcessMemory request was completed. (0x12B)
[0622/002327.530:WARNING:pe_image_reader.cc(340)] could not read dos header from C:\WINDOWS\SYSTEM32\IPHLPAPI.DLL
[0622/002327.530:ERROR:process_memory_win.cc(73)] ReadMemory at 0x7ffdf3e20000 of 64 bytes failed: Only part of a ReadProcessMemory or WriteProcessMemory request was completed. (0x12B)
[0622/002327.530:WARNING:pe_image_reader.cc(340)] could not read dos header from C:\WINDOWS\SYSTEM32\WINMM.dll
[0622/002327.530:ERROR:process_memory_win.cc(73)] ReadMemory at 0x7ffde2b60000 of 64 bytes failed: Only part of a ReadProcessMemory or WriteProcessMemory request was completed. (0x12B)
[0622/002327.530:WARNING:pe_image_reader.cc(340)] could not read dos header from C:\WINDOWS\SYSTEM32\Secur32.dll
[0622/002327.530:ERROR:process_memory_win.cc(73)] ReadMemory at 0x7ffdf8820000 of 64 bytes failed: Only part of a ReadProcessMemory or WriteProcessMemory request was completed. (0x12B)
[0622/002327.530:WARNING:pe_image_reader.cc(340)] could not read dos header from C:\WINDOWS\SYSTEM32\USERENV.dll
[0622/002327.530:ERROR:process_memory_win.cc(73)] ReadMemory at 0x7ffdf8980000 of 64 bytes failed: Only part of a ReadProcessMemory or WriteProcessMemory request was completed. (0x12B)
[0622/002327.530:WARNING:pe_image_reader.cc(340)] could not read dos header from C:\WINDOWS\System32\profapi.dll
[0622/002327.530:ERROR:process_memory_win.cc(73)] ReadMemory at 0x7ffdd1d40000 of 64 bytes failed: Only part of a ReadProcessMemory or WriteProcessMemory request was completed. (0x12B)
[0622/002327.530:WARNING:pe_image_reader.cc(340)] could not read dos header from C:\WINDOWS\SYSTEM32\UIAutomationCore.DLL
[0622/002327.530:ERROR:process_memory_win.cc(73)] ReadMemory at 0x7ffde7db0000 of 64 bytes failed: Only part of a ReadProcessMemory or WriteProcessMemory request was completed. (0x12B)
[0622/002327.530:WARNING:pe_image_reader.cc(340)] could not read dos header from C:\WINDOWS\SYSTEM32\DWrite.dll
[0622/002327.530:ERROR:process_memory_win.cc(73)] ReadMemory at 0x7ffdea820000 of 64 bytes failed: Only part of a ReadProcessMemory or WriteProcessMemory request was completed. (0x12B)
[0622/002327.530:WARNING:pe_image_reader.cc(340)] could not read dos header from C:\WINDOWS\SYSTEM32\WINSPOOL.DRV
[0622/002327.530:ERROR:process_memory_win.cc(73)] ReadMemory at 0x7ffdf8960000 of 64 bytes failed: Only part of a ReadProcessMemory or WriteProcessMemory request was completed. (0x12B)
[0622/002327.530:WARNING:pe_image_reader.cc(340)] could not read dos header from C:\WINDOWS\System32\kernel.appcore.dll
[0622/002327.530:ERROR:process_memory_win.cc(73)] ReadMemory at 0x7ffdf97c0000 of 64 bytes failed: Only part of a ReadProcessMemory or WriteProcessMemory request was completed. (0x12B)
[0622/002327.530:WARNING:pe_image_reader.cc(340)] could not read dos header from C:\WINDOWS\System32\bcrypt.dll
[0622/002327.530:ERROR:process_memory_win.cc(73)] ReadMemory at 0x7ffdf0020000 of 64 bytes failed: Only part of a ReadProcessMemory or WriteProcessMemory request was completed. (0x12B)
[0622/002327.530:WARNING:pe_image_reader.cc(340)] could not read dos header from C:\WINDOWS\SYSTEM32\dbghelp.dll
[0622/002327.530:ERROR:process_memory_win.cc(73)] ReadMemory at 0x7ffdf3010000 of 64 bytes failed: Only part of a ReadProcessMemory or WriteProcessMemory request was completed. (0x12B)
[0622/002327.530:WARNING:pe_image_reader.cc(340)] could not read dos header from C:\WINDOWS\SYSTEM32\WINHTTP.dll
[0622/002327.530:ERROR:process_memory_win.cc(73)] ReadMemory at 0x7ffdf28c0000 of 64 bytes failed: Only part of a ReadProcessMemory or WriteProcessMemory request was completed. (0x12B)
[0622/002327.530:WARNING:pe_image_reader.cc(340)] could not read dos header from C:\WINDOWS\SYSTEM32\dhcpcsvc.DLL
[0622/002327.530:ERROR:process_memory_win.cc(73)] ReadMemory at 0x7ffdfb780000 of 64 bytes failed: Only part of a ReadProcessMemory or WriteProcessMemory request was completed. (0x12B)
[0622/002327.530:WARNING:pe_image_reader.cc(340)] could not read dos header from C:\WINDOWS\System32\NSI.dll
[0622/002327.530:ERROR:process_memory_win.cc(73)] ReadMemory at 0x7ffdf3d90000 of 64 bytes failed: Only part of a ReadProcessMemory or WriteProcessMemory request was completed. (0x12B)
[0622/002327.530:WARNING:pe_image_reader.cc(340)] could not read dos header from C:\WINDOWS\SYSTEM32\WINMMBASE.dll
[0622/002327.530:ERROR:process_memory_win.cc(73)] ReadMemory at 0x7ffdf98f0000 of 64 bytes failed: Only part of a ReadProcessMemory or WriteProcessMemory request was completed. (0x12B)
[0622/002327.530:WARNING:pe_image_reader.cc(340)] could not read dos header from C:\WINDOWS\System32\cfgmgr32.dll
[0622/002327.530:ERROR:process_memory_win.cc(73)] ReadMemory at 0x7ffdf69e0000 of 64 bytes failed: Only part of a ReadProcessMemory or WriteProcessMemory request was completed. (0x12B)
[0622/002327.530:WARNING:pe_image_reader.cc(340)] could not read dos header from C:\WINDOWS\SYSTEM32\PROPSYS.dll
[0622/002327.530:ERROR:process_memory_win.cc(73)] ReadMemory at 0x7ffdf9db0000 of 64 bytes failed: Only part of a ReadProcessMemory or WriteProcessMemory request was completed. (0x12B)
[0622/002327.530:WARNING:pe_image_reader.cc(340)] could not read dos header from C:\WINDOWS\System32\shcore.dll
[0622/002327.530:ERROR:process_memory_win.cc(73)] ReadMemory at 0x7ffdf87f0000 of 64 bytes failed: Only part of a ReadProcessMemory or WriteProcessMemory request was completed. (0x12B)
[0622/002327.530:WARNING:pe_image_reader.cc(340)] could not read dos header from C:\WINDOWS\SYSTEM32\SSPICLI.DLL
[0622/002327.530:ERROR:process_memory_win.cc(73)] ReadMemory at 0x7ffdf82a0000 of 64 bytes failed: Only part of a ReadProcessMemory or WriteProcessMemory request was completed. (0x12B)
[0622/002327.530:WARNING:pe_image_reader.cc(340)] could not read dos header from C:\WINDOWS\SYSTEM32\CRYPTBASE.DLL
[0622/002327.530:ERROR:process_memory_win.cc(73)] ReadMemory at 0x7ff76df60000 of 64 bytes failed: Only part of a ReadProcessMemory or WriteProcessMemory request was completed. (0x12B)
[0622/002327.530:WARNING:pe_image_reader.cc(340)] could not read dos header from C:\Program Files (x86)\Google\Chrome\Application\chrome.exe
[0622/002327.530:ERROR:process_memory_win.cc(73)] ReadMemory at 0x7ffdfba40000 of 64 bytes failed: Only part of a ReadProcessMemory or WriteProcessMemory request was completed. (0x12B)
[0622/002327.530:WARNING:pe_image_reader.cc(340)] could not read dos header from C:\WINDOWS\SYSTEM32\ntdll.dll
[0622/002327.530:ERROR:process_memory_win.cc(73)] ReadMemory at 0x7ffdfb220000 of 64 bytes failed: Only part of a ReadProcessMemory or WriteProcessMemory request was completed. (0x12B)
[0622/002327.530:WARNING:pe_image_reader.cc(340)] could not read dos header from C:\WINDOWS\System32\KERNEL32.DLL
[0622/002327.530:ERROR:process_memory_win.cc(73)] ReadMemory at 0x7ffdf9150000 of 64 bytes failed: Only part of a ReadProcessMemory or WriteProcessMemory request was completed. (0x12B)
[0622/002327.530:WARNING:pe_image_reader.cc(340)] could not read dos header from C:\WINDOWS\System32\KERNELBASE.dll
[0622/002327.530:ERROR:process_memory_win.cc(73)] ReadMemory at 0x7ffdd72c0000 of 64 bytes failed: Only part of a ReadProcessMemory or WriteProcessMemory request was completed. (0x12B)
[0622/002327.530:WARNING:pe_image_reader.cc(340)] could not read dos header from C:\Program Files (x86)\Google\Chrome\Application\83.0.4103.106\chrome_elf.dll
[0622/002327.530:ERROR:process_memory_win.cc(73)] ReadMemory at 0x7ffdee6e0000 of 64 bytes failed: Only part of a ReadProcessMemory or WriteProcessMemory request was completed. (0x12B)
[0622/002327.530:WARNING:pe_image_reader.cc(340)] could not read dos header from C:\WINDOWS\SYSTEM32\VERSION.dll
[0622/002327.530:ERROR:process_memory_win.cc(73)] ReadMemory at 0x7ffdfa2d0000 of 64 bytes failed: Only part of a ReadProcessMemory or WriteProcessMemory request was completed. (0x12B)
[0622/002327.530:WARNING:pe_image_reader.cc(340)] could not read dos header from C:\WINDOWS\System32\msvcrt.dll
[0622/002327.530:ERROR:process_memory_win.cc(73)] ReadMemory at 0x7ffdf9740000 of 64 bytes failed: Only part of a ReadProcessMemory or WriteProcessMemory request was completed. (0x12B)
[0622/002327.530:WARNING:pe_image_reader.cc(340)] could not read dos header from C:\WINDOWS\System32\bcryptPrimitives.dll
[0622/002327.530:ERROR:process_memory_win.cc(73)] ReadMemory at 0x7ffdfadf0000 of 64 bytes failed: Only part of a ReadProcessMemory or WriteProcessMemory request was completed. (0x12B)
[0622/002327.530:WARNING:pe_image_reader.cc(340)] could not read dos header from C:\WINDOWS\System32\ADVAPI32.dll
[0622/002327.530:ERROR:process_memory_win.cc(73)] ReadMemory at 0x7ffdfb8e0000 of 64 bytes failed: Only part of a ReadProcessMemory or WriteProcessMemory request was completed. (0x12B)
[0622/002327.530:WARNING:pe_image_reader.cc(340)] could not read dos header from C:\WINDOWS\System32\sechost.dll
[0622/002327.530:ERROR:process_memory_win.cc(73)] ReadMemory at 0x7ffdfafa0000 of 64 bytes failed: Only part of a ReadProcessMemory or WriteProcessMemory request was completed. (0x12B)
[0622/002327.530:WARNING:pe_image_reader.cc(340)] could not read dos header from C:\WINDOWS\System32\RPCRT4.dll
[0622/002327.530:ERROR:process_memory_win.cc(73)] ReadMemory at 0x7ffd7d410000 of 64 bytes failed: Only part of a ReadProcessMemory or WriteProcessMemory request was completed. (0x12B)
[0622/002327.530:WARNING:pe_image_reader.cc(340)] could not read dos header from C:\Program Files (x86)\Google\Chrome\Application\83.0.4103.106\chrome.dll
[0622/002327.530:ERROR:process_memory_win.cc(73)] ReadMemory at 0x7ffdfaf30000 of 64 bytes failed: Only part of a ReadProcessMemory or WriteProcessMemory request was completed. (0x12B)
[0622/002327.530:WARNING:pe_image_reader.cc(340)] could not read dos header from C:\WINDOWS\System32\WS2_32.dll
[0622/002327.530:ERROR:process_memory_win.cc(73)] ReadMemory at 0x7ffdfb810000 of 64 bytes failed: Only part of a ReadProcessMemory or WriteProcessMemory request was completed. (0x12B)
[0622/002327.530:WARNING:pe_image_reader.cc(340)] could not read dos header from C:\WINDOWS\System32\OLEAUT32.dll
[0622/002327.530:ERROR:process_memory_win.cc(73)] ReadMemory at 0x7ffdf9940000 of 64 bytes failed: Only part of a ReadProcessMemory or WriteProcessMemory request was completed. (0x12B)
[0622/002327.530:WARNING:pe_image_reader.cc(340)] could not read dos header from C:\WINDOWS\System32\msvcp_win.dll
[0622/002327.530:ERROR:process_memory_win.cc(73)] ReadMemory at 0x7ffdf97f0000 of 64 bytes failed: Only part of a ReadProcessMemory or WriteProcessMemory request was completed. (0x12B)
[0622/002327.530:WARNING:pe_image_reader.cc(340)] could not read dos header from C:\WINDOWS\System32\ucrtbase.dll
[0622/002327.530:ERROR:process_memory_win.cc(73)] ReadMemory at 0x7ffdfb440000 of 64 bytes failed: Only part of a ReadProcessMemory or WriteProcessMemory request was completed. (0x12B)
[0622/002327.530:WARNING:pe_image_reader.cc(340)] could not read dos header from C:\WINDOWS\System32\combase.dll
[0622/002327.530:ERROR:process_memory_win.cc(73)] ReadMemory at 0x7ffdf9a90000 of 64 bytes failed: Only part of a ReadProcessMemory or WriteProcessMemory request was completed. (0x12B)
[0622/002327.530:WARNING:pe_image_reader.cc(340)] could not read dos header from C:\WINDOWS\System32\WINTRUST.dll
[0622/002327.530:ERROR:process_memory_win.cc(73)] ReadMemory at 0x7ffdf89b0000 of 64 bytes failed: Only part of a ReadProcessMemory or WriteProcessMemory request was completed. (0x12B)
[0622/002327.530:WARNING:pe_image_reader.cc(340)] could not read dos header from C:\WINDOWS\System32\MSASN1.dll
[0622/002327.530:ERROR:process_memory_win.cc(73)] ReadMemory at 0x7ffdf95f0000 of 64 bytes failed: Only part of a ReadProcessMemory or WriteProcessMemory request was completed. (0x12B)
[0622/002327.530:WARNING:pe_image_reader.cc(340)] could not read dos header from C:\WINDOWS\System32\CRYPT32.dll
[0622/002327.530:ERROR:process_memory_win.cc(73)] ReadMemory at 0x7ffdf7e40000 of 64 bytes failed: Only part of a ReadProcessMemory or WriteProcessMemory request was completed. (0x12B)
[0622/002327.530:WARNING:pe_image_reader.cc(340)] could not read dos header from C:\WINDOWS\SYSTEM32\IPHLPAPI.DLL
[0622/002327.530:ERROR:process_memory_win.cc(73)] ReadMemory at 0x7ffdf3e20000 of 64 bytes failed: Only part of a ReadProcessMemory or WriteProcessMemory request was completed. (0x12B)
[0622/002327.530:WARNING:pe_image_reader.cc(340)] could not read dos header from C:\WINDOWS\SYSTEM32\WINMM.dll
[0622/002327.530:ERROR:process_memory_win.cc(73)] ReadMemory at 0x7ffde2b60000 of 64 bytes failed: Only part of a ReadProcessMemory or WriteProcessMemory request was completed. (0x12B)
[0622/002327.530:WARNING:pe_image_reader.cc(340)] could not read dos header from C:\WINDOWS\SYSTEM32\Secur32.dll
[0622/002327.530:ERROR:process_memory_win.cc(73)] ReadMemory at 0x7ffdf8820000 of 64 bytes failed: Only part of a ReadProcessMemory or WriteProcessMemory request was completed. (0x12B)
[0622/002327.530:WARNING:pe_image_reader.cc(340)] could not read dos header from C:\WINDOWS\SYSTEM32\USERENV.dll
[0622/002327.530:ERROR:process_memory_win.cc(73)] ReadMemory at 0x7ffdf8980000 of 64 bytes failed: Only part of a ReadProcessMemory or WriteProcessMemory request was completed. (0x12B)
[0622/002327.530:WARNING:pe_image_reader.cc(340)] could not read dos header from C:\WINDOWS\System32\profapi.dll
[0622/002327.530:ERROR:process_memory_win.cc(73)] ReadMemory at 0x7ffdd1d40000 of 64 bytes failed: Only part of a ReadProcessMemory or WriteProcessMemory request was completed. (0x12B)
[0622/002327.530:WARNING:pe_image_reader.cc(340)] could not read dos header from C:\WINDOWS\SYSTEM32\UIAutomationCore.DLL
[0622/002327.530:ERROR:process_memory_win.cc(73)] ReadMemory at 0x7ffde7db0000 of 64 bytes failed: Only part of a ReadProcessMemory or WriteProcessMemory request was completed. (0x12B)
[0622/002327.530:WARNING:pe_image_reader.cc(340)] could not read dos header from C:\WINDOWS\SYSTEM32\DWrite.dll
[0622/002327.530:ERROR:process_memory_win.cc(73)] ReadMemory at 0x7ffdea820000 of 64 bytes failed: Only part of a ReadProcessMemory or WriteProcessMemory request was completed. (0x12B)
[0622/002327.530:WARNING:pe_image_reader.cc(340)] could not read dos header from C:\WINDOWS\SYSTEM32\WINSPOOL.DRV
[0622/002327.530:ERROR:process_memory_win.cc(73)] ReadMemory at 0x7ffdf8960000 of 64 bytes failed: Only part of a ReadProcessMemory or WriteProcessMemory request was completed. (0x12B)
[0622/002327.530:WARNING:pe_image_reader.cc(340)] could not read dos header from C:\WINDOWS\System32\kernel.appcore.dll
[0622/002327.530:ERROR:process_memory_win.cc(73)] ReadMemory at 0x7ffdf97c0000 of 64 bytes failed: Only part of a ReadProcessMemory or WriteProcessMemory request was completed. (0x12B)
[0622/002327.530:WARNING:pe_image_reader.cc(340)] could not read dos header from C:\WINDOWS\System32\bcrypt.dll
[0622/002327.530:ERROR:process_memory_win.cc(73)] ReadMemory at 0x7ffdf0020000 of 64 bytes failed: Only part of a ReadProcessMemory or WriteProcessMemory request was completed. (0x12B)
[0622/002327.530:WARNING:pe_image_reader.cc(340)] could not read dos header from C:\WINDOWS\SYSTEM32\dbghelp.dll
[0622/002327.530:ERROR:process_memory_win.cc(73)] ReadMemory at 0x7ffdf3010000 of 64 bytes failed: Only part of a ReadProcessMemory or WriteProcessMemory request was completed. (0x12B)
[0622/002327.530:WARNING:pe_image_reader.cc(340)] could not read dos header from C:\WINDOWS\SYSTEM32\WINHTTP.dll
[0622/002327.530:ERROR:process_memory_win.cc(73)] ReadMemory at 0x7ffdf28c0000 of 64 bytes failed: Only part of a ReadProcessMemory or WriteProcessMemory request was completed. (0x12B)
[0622/002327.530:WARNING:pe_image_reader.cc(340)] could not read dos header from C:\WINDOWS\SYSTEM32\dhcpcsvc.DLL
[0622/002327.530:ERROR:process_memory_win.cc(73)] ReadMemory at 0x7ffdfb780000 of 64 bytes failed: Only part of a ReadProcessMemory or WriteProcessMemory request was completed. (0x12B)
[0622/002327.530:WARNING:pe_image_reader.cc(340)] could not read dos header from C:\WINDOWS\System32\NSI.dll
[0622/002327.530:ERROR:process_memory_win.cc(73)] ReadMemory at 0x7ffdf3d90000 of 64 bytes failed: Only part of a ReadProcessMemory or WriteProcessMemory request was completed. (0x12B)
[0622/002327.530:WARNING:pe_image_reader.cc(340)] could not read dos header from C:\WINDOWS\SYSTEM32\WINMMBASE.dll
[0622/002327.530:ERROR:process_memory_win.cc(73)] ReadMemory at 0x7ffdf98f0000 of 64 bytes failed: Only part of a ReadProcessMemory or WriteProcessMemory request was completed. (0x12B)
[0622/002327.530:WARNING:pe_image_reader.cc(340)] could not read dos header from C:\WINDOWS\System32\cfgmgr32.dll
[0622/002327.530:ERROR:process_memory_win.cc(73)] ReadMemory at 0x7ffdf69e0000 of 64 bytes failed: Only part of a ReadProcessMemory or WriteProcessMemory request was completed. (0x12B)
[0622/002327.530:WARNING:pe_image_reader.cc(340)] could not read dos header from C:\WINDOWS\SYSTEM32\PROPSYS.dll
[0622/002327.530:ERROR:process_memory_win.cc(73)] ReadMemory at 0x7ffdf9db0000 of 64 bytes failed: Only part of a ReadProcessMemory or WriteProcessMemory request was completed. (0x12B)
[0622/002327.530:WARNING:pe_image_reader.cc(340)] could not read dos header from C:\WINDOWS\System32\shcore.dll
[0622/002327.530:ERROR:process_memory_win.cc(73)] ReadMemory at 0x7ffdf87f0000 of 64 bytes failed: Only part of a ReadProcessMemory or WriteProcessMemory request was completed. (0x12B)
[0622/002327.530:WARNING:pe_image_reader.cc(340)] could not read dos header from C:\WINDOWS\SYSTEM32\SSPICLI.DLL
[0622/002327.530:ERROR:process_memory_win.cc(73)] ReadMemory at 0x7ffdf82a0000 of 64 bytes failed: Only part of a ReadProcessMemory or WriteProcessMemory request was completed. (0x12B)
[0622/002327.530:WARNING:pe_image_reader.cc(340)] could not read dos header from C:\WINDOWS\SYSTEM32\CRYPTBASE.DLL
[0622/002327.530:ERROR:process_memory_win.cc(73)] ReadMemory at 0x35d69f9000 of 28672 bytes failed: Only part of a ReadProcessMemory or WriteProcessMemory request was completed. (0x12B)
[0622/002327.530:ERROR:process_memory_win.cc(73)] ReadMemory at 0x35d71fd000 of 12288 bytes failed: Only part of a ReadProcessMemory or WriteProcessMemory request was completed. (0x12B)
[0622/002327.530:ERROR:process_memory_win.cc(73)] ReadMemory at 0x35d79fd000 of 12288 bytes failed: Only part of a ReadProcessMemory or WriteProcessMemory request was completed. (0x12B)
[0622/002327.530:ERROR:process_memory_win.cc(73)] ReadMemory at 0x35d81fc000 of 16384 bytes failed: Only part of a ReadProcessMemory or WriteProcessMemory request was completed. (0x12B)
[0622/002327.530:ERROR:process_memory_win.cc(73)] ReadMemory at 0x35d89fc000 of 16384 bytes failed: Only part of a ReadProcessMemory or WriteProcessMemory request was completed. (0x12B)
[0622/002327.530:ERROR:process_memory_win.cc(73)] ReadMemory at 0x35d91ff000 of 4096 bytes failed: Only part of a ReadProcessMemory or WriteProcessMemory request was completed. (0x12B)
[0622/002327.530:ERROR:process_memory_win.cc(73)] ReadMemory at 0x35d99fd000 of 12288 bytes failed: Only part of a ReadProcessMemory or WriteProcessMemory request was completed. (0x12B)
[0622/002327.530:ERROR:process_memory_win.cc(73)] ReadMemory at 0x35da1fd000 of 12288 bytes failed: Only part of a ReadProcessMemory or WriteProcessMemory request was completed. (0x12B)
[0622/002327.530:ERROR:process_memory_win.cc(73)] ReadMemory at 0x35da9fd000 of 12288 bytes failed: Only part of a ReadProcessMemory or WriteProcessMemory request was completed. (0x12B)
[0622/002327.530:ERROR:process_memory_win.cc(73)] ReadMemory at 0x35db1fd000 of 12288 bytes failed: Only part of a ReadProcessMemory or WriteProcessMemory request was completed. (0x12B)
[0622/002327.530:ERROR:process_memory_win.cc(73)] ReadMemory at 0x35db9fd000 of 12288 bytes failed: Only part of a ReadProcessMemory or WriteProcessMemory request was completed. (0x12B)
[0622/002327.530:ERROR:process_memory_win.cc(73)] ReadMemory at 0x35dc1fd000 of 12288 bytes failed: Only part of a ReadProcessMemory or WriteProcessMemory request was completed. (0x12B)
[0622/002327.530:ERROR:process_memory_win.cc(73)] ReadMemory at 0x35dc9fd000 of 12288 bytes failed: Only part of a ReadProcessMemory or WriteProcessMemory request was completed. (0x12B)
[0622/002327.530:ERROR:process_memory_win.cc(73)] ReadMemory at 0x35dd1fd000 of 12288 bytes failed: Only part of a ReadProcessMemory or WriteProcessMemory request was completed. (0x12B)
[0622/002327.530:ERROR:process_memory_win.cc(73)] ReadMemory at 0x35dd9fd000 of 12288 bytes failed: Only part of a ReadProcessMemory or WriteProcessMemory request was completed. (0x12B)
[0622/002327.530:ERROR:process_memory_win.cc(73)] ReadMemory at 0x35d606f000 of 852 bytes failed: Only part of a ReadProcessMemory or WriteProcessMemory request was completed. (0x12B)
[0622/002327.530:ERROR:process_memory_win.cc(73)] ReadMemory at 0x35d6070000 of 6024 bytes failed: Only part of a ReadProcessMemory or WriteProcessMemory request was completed. (0x12B)
[0622/002327.530:ERROR:process_memory_win.cc(73)] ReadMemory at 0x35d6072000 of 6024 bytes failed: Only part of a ReadProcessMemory or WriteProcessMemory request was completed. (0x12B)
[0622/002327.530:ERROR:process_memory_win.cc(73)] ReadMemory at 0x35d6074000 of 6024 bytes failed: Only part of a ReadProcessMemory or WriteProcessMemory request was completed. (0x12B)
[0622/002327.530:ERROR:process_memory_win.cc(73)] ReadMemory at 0x35d6076000 of 6024 bytes failed: Only part of a ReadProcessMemory or WriteProcessMemory request was completed. (0x12B)
[0622/002327.530:ERROR:process_memory_win.cc(73)] ReadMemory at 0x35d6078000 of 6024 bytes failed: Only part of a ReadProcessMemory or WriteProcessMemory request was completed. (0x12B)
[0622/002327.530:ERROR:process_memory_win.cc(73)] ReadMemory at 0x35d607a000 of 6024 bytes failed: Only part of a ReadProcessMemory or WriteProcessMemory request was completed. (0x12B)
[0622/002327.530:ERROR:process_memory_win.cc(73)] ReadMemory at 0x35d607c000 of 6024 bytes failed: Only part of a ReadProcessMemory or WriteProcessMemory request was completed. (0x12B)
[0622/002327.530:ERROR:process_memory_win.cc(73)] ReadMemory at 0x35d607e000 of 6024 bytes failed: Only part of a ReadProcessMemory or WriteProcessMemory request was completed. (0x12B)
[0622/002327.530:ERROR:process_memory_win.cc(73)] ReadMemory at 0x35d6080000 of 6024 bytes failed: Only part of a ReadProcessMemory or WriteProcessMemory request was completed. (0x12B)
[0622/002327.530:ERROR:process_memory_win.cc(73)] ReadMemory at 0x35d6082000 of 6024 bytes failed: Only part of a ReadProcessMemory or WriteProcessMemory request was completed. (0x12B)
[0622/002327.530:ERROR:process_memory_win.cc(73)] ReadMemory at 0x35d6084000 of 6024 bytes failed: Only part of a ReadProcessMemory or WriteProcessMemory request was completed. (0x12B)
[0622/002327.546:ERROR:process_memory_win.cc(73)] ReadMemory at 0x35d6086000 of 6024 bytes failed: Only part of a ReadProcessMemory or WriteProcessMemory request was completed. (0x12B)
[0622/002327.546:ERROR:process_memory_win.cc(73)] ReadMemory at 0x35d6088000 of 6024 bytes failed: Only part of a ReadProcessMemory or WriteProcessMemory request was completed. (0x12B)
[0622/002327.546:ERROR:process_memory_win.cc(73)] ReadMemory at 0x35d608a000 of 6024 bytes failed: Only part of a ReadProcessMemory or WriteProcessMemory request was completed. (0x12B)
[0622/002327.546:ERROR:process_memory_win.cc(73)] ReadMemory at 0x35d608c000 of 6024 bytes failed: Only part of a ReadProcessMemory or WriteProcessMemory request was completed. (0x12B)
[0622/002327.546:ERROR:process_memory_win.cc(73)] ReadMemory at 0x214b2710fe0 of 19002 bytes failed: Only part of a ReadProcessMemory or WriteProcessMemory request was completed. (0x12B)
[0622/002327.546:ERROR:process_memory_win.cc(73)] ReadMemory at 0x214b2715a30 of 1012 bytes failed: Only part of a ReadProcessMemory or WriteProcessMemory request was completed. (0x12B)
[0622/002327.546:ERROR:process_memory_win.cc(73)] ReadMemory at 0x214b2716078 of 118 bytes failed: Only part of a ReadProcessMemory or WriteProcessMemory request was completed. (0x12B)
[0622/002327.546:ERROR:process_memory_win.cc(73)] ReadMemory at 0x214b27160f0 of 762 bytes failed: Only part of a ReadProcessMemory or WriteProcessMemory request was completed. (0x12B)
[0622/002327.546:ERROR:process_memory_win.cc(73)] ReadMemory at 0x214b27163ec of 118 bytes failed: Only part of a ReadProcessMemory or WriteProcessMemory request was completed. (0x12B)
[0622/002327.546:ERROR:process_memory_win.cc(73)] ReadMemory at 0x214b2716464 of 96 bytes failed: Only part of a ReadProcessMemory or WriteProcessMemory request was completed. (0x12B)
[0622/002327.546:ERROR:process_memory_win.cc(73)] ReadMemory at 0x214b27164d0 of 58 bytes failed: Only part of a ReadProcessMemory or WriteProcessMemory request was completed. (0x12B)
[0622/002327.546:ERROR:process_memory_win.cc(73)] ReadMemory at 0x214b27165d0 of 132 bytes failed: Only part of a ReadProcessMemory or WriteProcessMemory request was completed. (0x12B)
[0622/002327.546:ERROR:process_memory_win.cc(73)] ReadMemory at 0x214b2716760 of 132 bytes failed: Only part of a ReadProcessMemory or WriteProcessMemory request was completed. (0x12B)
[0622/002327.546:ERROR:process_memory_win.cc(73)] ReadMemory at 0x214b2716920 of 126 bytes failed: Only part of a ReadProcessMemory or WriteProcessMemory request was completed. (0x12B)
[0622/002327.546:ERROR:process_memory_win.cc(73)] ReadMemory at 0x214b2716d00 of 132 bytes failed: Only part of a ReadProcessMemory or WriteProcessMemory request was completed. (0x12B)
[0622/002327.546:ERROR:process_memory_win.cc(73)] ReadMemory at 0x214b2716e90 of 64 bytes failed: Only part of a ReadProcessMemory or WriteProcessMemory request was completed. (0x12B)
[0622/002327.546:ERROR:process_memory_win.cc(73)] ReadMemory at 0x214b2716ee0 of 132 bytes failed: Only part of a ReadProcessMemory or WriteProcessMemory request was completed. (0x12B)
[0622/002327.546:ERROR:process_memory_win.cc(73)] ReadMemory at 0x214b2717050 of 132 bytes failed: Only part of a ReadProcessMemory or WriteProcessMemory request was completed. (0x12B)
[0622/002327.546:ERROR:process_memory_win.cc(73)] ReadMemory at 0x214b27172f0 of 132 bytes failed: Only part of a ReadProcessMemory or WriteProcessMemory request was completed. (0x12B)
[0622/002327.546:ERROR:process_memory_win.cc(73)] ReadMemory at 0x214b2717480 of 68 bytes failed: Only part of a ReadProcessMemory or WriteProcessMemory request was completed. (0x12B)
[0622/002327.546:ERROR:process_memory_win.cc(73)] ReadMemory at 0x214b2718480 of 146 bytes failed: Only part of a ReadProcessMemory or WriteProcessMemory request was completed. (0x12B)
[0622/002327.546:ERROR:process_memory_win.cc(73)] ReadMemory at 0x214b2718560 of 132 bytes failed: Only part of a ReadProcessMemory or WriteProcessMemory request was completed. (0x12B)
[0622/002327.546:ERROR:process_memory_win.cc(73)] ReadMemory at 0x214b27186f0 of 154 bytes failed: Only part of a ReadProcessMemory or WriteProcessMemory request was completed. (0x12B)
[0622/002327.546:ERROR:process_memory_win.cc(73)] ReadMemory at 0x214b2719490 of 60 bytes failed: Only part of a ReadProcessMemory or WriteProcessMemory request was completed. (0x12B)
[0622/002327.546:ERROR:process_memory_win.cc(73)] ReadMemory at 0x214b271965c of 512 bytes failed: Only part of a ReadProcessMemory or WriteProcessMemory request was completed. (0x12B)
[0622/002327.546:ERROR:process_memory_win.cc(73)] ReadMemory at 0x214b2719cb0 of 132 bytes failed: Only part of a ReadProcessMemory or WriteProcessMemory request was completed. (0x12B)
[0622/002327.546:ERROR:process_memory_win.cc(73)] ReadMemory at 0x214b271ad00 of 62 bytes failed: Only part of a ReadProcessMemory or WriteProcessMemory request was completed. (0x12B)
[0622/002327.546:ERROR:process_memory_win.cc(73)] ReadMemory at 0x214b271ae60 of 132 bytes failed: Only part of a ReadProcessMemory or WriteProcessMemory request was completed. (0x12B)
[0622/002327.546:ERROR:process_memory_win.cc(73)] ReadMemory at 0x214b271ed50 of 132 bytes failed: Only part of a ReadProcessMemory or WriteProcessMemory request was completed. (0x12B)
[0622/002327.546:ERROR:process_memory_win.cc(73)] ReadMemory at 0x214b271f170 of 80 bytes failed: Only part of a ReadProcessMemory or WriteProcessMemory request was completed. (0x12B)
[0622/002327.546:ERROR:process_memory_win.cc(73)] ReadMemory at 0x214b271f800 of 64 bytes failed: Only part of a ReadProcessMemory or WriteProcessMemory request was completed. (0x12B)
[0622/002327.546:ERROR:process_memory_win.cc(73)] ReadMemory at 0x214b271f850 of 64 bytes failed: Only part of a ReadProcessMemory or WriteProcessMemory request was completed. (0x12B)
[0622/002327.546:ERROR:process_memory_win.cc(73)] ReadMemory at 0x214b271f8a0 of 62 bytes failed: Only part of a ReadProcessMemory or WriteProcessMemory request was completed. (0x12B)
[0622/002327.546:ERROR:process_memory_win.cc(73)] ReadMemory at 0x214b271f940 of 64 bytes failed: Only part of a ReadProcessMemory or WriteProcessMemory request was completed. (0x12B)
[0622/002327.546:ERROR:process_memory_win.cc(73)] ReadMemory at 0x214b271f990 of 62 bytes failed: Only part of a ReadProcessMemory or WriteProcessMemory request was completed. (0x12B)
[0622/002327.546:ERROR:process_memory_win.cc(73)] ReadMemory at 0x214b271fb20 of 64 bytes failed: Only part of a ReadProcessMemory or WriteProcessMemory request was completed. (0x12B)
[0622/002327.546:ERROR:process_memory_win.cc(73)] ReadMemory at 0x214b271fbc0 of 60 bytes failed: Only part of a ReadProcessMemory or WriteProcessMemory request was completed. (0x12B)
[0622/002327.546:ERROR:process_memory_win.cc(73)] ReadMemory at 0x214b271fdf0 of 60 bytes failed: Only part of a ReadProcessMemory or WriteProcessMemory request was completed. (0x12B)
[0622/002327.546:ERROR:process_memory_win.cc(73)] ReadMemory at 0x214b271fe40 of 66 bytes failed: Only part of a ReadProcessMemory or WriteProcessMemory request was completed. (0x12B)
[0622/002327.546:ERROR:process_memory_win.cc(73)] ReadMemory at 0x214b27200d0 of 76 bytes failed: Only part of a ReadProcessMemory or WriteProcessMemory request was completed. (0x12B)
[0622/002327.546:ERROR:process_memory_win.cc(73)] ReadMemory at 0x214b2720bb0 of 80 bytes failed: Only part of a ReadProcessMemory or WriteProcessMemory request was completed. (0x12B)
[0622/002327.546:ERROR:process_memory_win.cc(73)] ReadMemory at 0x214b27222c0 of 132 bytes failed: Only part of a ReadProcessMemory or WriteProcessMemory request was completed. (0x12B)
[0622/002327.546:ERROR:process_memory_win.cc(73)] ReadMemory at 0x214b2723a10 of 132 bytes failed: Only part of a ReadProcessMemory or WriteProcessMemory request was completed. (0x12B)
[0622/002327.546:ERROR:process_memory_win.cc(73)] ReadMemory at 0x214b2723c30 of 132 bytes failed: Only part of a ReadProcessMemory or WriteProcessMemory request was completed. (0x12B)
[0622/002327.546:ERROR:process_memory_win.cc(73)] ReadMemory at 0x214b2723f90 of 132 bytes failed: Only part of a ReadProcessMemory or WriteProcessMemory request was completed. (0x12B)
[0622/002327.546:ERROR:process_memory_win.cc(73)] ReadMemory at 0x214b27254d0 of 54 bytes failed: Only part of a ReadProcessMemory or WriteProcessMemory request was completed. (0x12B)
[0622/002327.546:ERROR:process_memory_win.cc(73)] ReadMemory at 0x214b2726af0 of 132 bytes failed: Only part of a ReadProcessMemory or WriteProcessMemory request was completed. (0x12B)
[0622/002327.546:ERROR:process_memory_win.cc(73)] ReadMemory at 0x214b2728340 of 132 bytes failed: Only part of a ReadProcessMemory or WriteProcessMemory request was completed. (0x12B)
[0622/002327.546:ERROR:process_memory_win.cc(73)] ReadMemory at 0x214b2728470 of 132 bytes failed: Only part of a ReadProcessMemory or WriteProcessMemory request was completed. (0x12B)
[0622/002327.546:ERROR:process_memory_win.cc(73)] ReadMemory at 0x214b27285a0 of 132 bytes failed: Only part of a ReadProcessMemory or WriteProcessMemory request was completed. (0x12B)
[0622/002327.546:ERROR:process_memory_win.cc(73)] ReadMemory at 0x214b2728800 of 132 bytes failed: Only part of a ReadProcessMemory or WriteProcessMemory request was completed. (0x12B)
[0622/002327.546:ERROR:process_memory_win.cc(73)] ReadMemory at 0x214b2728930 of 132 bytes failed: Only part of a ReadProcessMemory or WriteProcessMemory request was completed. (0x12B)
[0622/002327.546:ERROR:process_memory_win.cc(73)] ReadMemory at 0x214b2728a60 of 132 bytes failed: Only part of a ReadProcessMemory or WriteProcessMemory request was completed. (0x12B)
[0622/002327.546:ERROR:process_memory_win.cc(73)] ReadMemory at 0x214b2728b90 of 132 bytes failed: Only part of a ReadProcessMemory or WriteProcessMemory request was completed. (0x12B)
[0622/002327.546:ERROR:process_memory_win.cc(73)] ReadMemory at 0x214b2728cc0 of 132 bytes failed: Only part of a ReadProcessMemory or WriteProcessMemory request was completed. (0x12B)
[0622/002327.546:ERROR:process_memory_win.cc(73)] ReadMemory at 0x214b2728df0 of 132 bytes failed: Only part of a ReadProcessMemory or WriteProcessMemory request was completed. (0x12B)
[0622/002327.546:ERROR:process_memory_win.cc(73)] ReadMemory at 0x214b2728f20 of 132 bytes failed: Only part of a ReadProcessMemory or WriteProcessMemory request was completed. (0x12B)
[0622/002327.546:ERROR:process_memory_win.cc(73)] ReadMemory at 0x214b2729050 of 132 bytes failed: Only part of a ReadProcessMemory or WriteProcessMemory request was completed. (0x12B)
[0622/002327.546:ERROR:process_memory_win.cc(73)] ReadMemory at 0x214b2729180 of 132 bytes failed: Only part of a ReadProcessMemory or WriteProcessMemory request was completed. (0x12B)
[0622/002327.546:ERROR:process_memory_win.cc(73)] ReadMemory at 0x214b272bb10 of 132 bytes failed: Only part of a ReadProcessMemory or WriteProcessMemory request was completed. (0x12B)
[0622/002327.546:ERROR:process_memory_win.cc(73)] ReadMemory at 0x214b272be60 of 132 bytes failed: Only part of a ReadProcessMemory or WriteProcessMemory request was completed. (0x12B)
[0622/002327.546:ERROR:process_memory_win.cc(73)] ReadMemory at 0x214b272c030 of 58 bytes failed: Only part of a ReadProcessMemory or WriteProcessMemory request was completed. (0x12B)
[0622/002327.546:ERROR:process_memory_win.cc(73)] ReadMemory at 0x214b272c490 of 62 bytes failed: Only part of a ReadProcessMemory or WriteProcessMemory request was completed. (0x12B)
[0622/002327.546:ERROR:process_memory_win.cc(73)] ReadMemory at 0x214b272c5d0 of 64 bytes failed: Only part of a ReadProcessMemory or WriteProcessMemory request was completed. (0x12B)
[0622/002327.546:ERROR:process_memory_win.cc(73)] ReadMemory at 0x214b272c710 of 62 bytes failed: Only part of a ReadProcessMemory or WriteProcessMemory request was completed. (0x12B)
[0622/002327.546:ERROR:process_memory_win.cc(73)] ReadMemory at 0x214b272c850 of 62 bytes failed: Only part of a ReadProcessMemory or WriteProcessMemory request was completed. (0x12B)
[0622/002327.546:ERROR:process_memory_win.cc(73)] ReadMemory at 0x214b272c8f0 of 60 bytes failed: Only part of a ReadProcessMemory or WriteProcessMemory request was completed. (0x12B)
[0622/002327.546:ERROR:process_memory_win.cc(73)] ReadMemory at 0x214b272c940 of 62 bytes failed: Only part of a ReadProcessMemory or WriteProcessMemory request was completed. (0x12B)
[0622/002327.546:ERROR:process_memory_win.cc(73)] ReadMemory at 0x214b272c990 of 60 bytes failed: Only part of a ReadProcessMemory or WriteProcessMemory request was completed. (0x12B)
[0622/002327.546:ERROR:process_memory_win.cc(73)] ReadMemory at 0x214b272c9e0 of 62 bytes failed: Only part of a ReadProcessMemory or WriteProcessMemory request was completed. (0x12B)
[0622/002327.546:ERROR:process_memory_win.cc(73)] ReadMemory at 0x214b272ca30 of 62 bytes failed: Only part of a ReadProcessMemory or WriteProcessMemory request was completed. (0x12B)
[0622/002327.546:ERROR:process_memory_win.cc(73)] ReadMemory at 0x214b272ca80 of 66 bytes failed: Only part of a ReadProcessMemory or WriteProcessMemory request was completed. (0x12B)
[0622/002327.546:ERROR:process_memory_win.cc(73)] ReadMemory at 0x214b272cad0 of 64 bytes failed: Only part of a ReadProcessMemory or WriteProcessMemory request was completed. (0x12B)
[0622/002327.546:ERROR:process_memory_win.cc(73)] ReadMemory at 0x214b272cb20 of 60 bytes failed: Only part of a ReadProcessMemory or WriteProcessMemory request was completed. (0x12B)
[0622/002327.546:ERROR:process_memory_win.cc(73)] ReadMemory at 0x214b272cb70 of 64 bytes failed: Only part of a ReadProcessMemory or WriteProcessMemory request was completed. (0x12B)
[0622/002327.546:ERROR:process_memory_win.cc(73)] ReadMemory at 0x214b272cbc0 of 64 bytes failed: Only part of a ReadProcessMemory or WriteProcessMemory request was completed. (0x12B)
[0622/002327.546:ERROR:process_memory_win.cc(73)] ReadMemory at 0x214b272cc10 of 62 bytes failed: Only part of a ReadProcessMemory or WriteProcessMemory request was completed. (0x12B)
[0622/002327.546:ERROR:process_memory_win.cc(73)] ReadMemory at 0x214b272cc60 of 60 bytes failed: Only part of a ReadProcessMemory or WriteProcessMemory request was completed. (0x12B)
[0622/002327.546:ERROR:process_memory_win.cc(73)] ReadMemory at 0x214b272cd00 of 62 bytes failed: Only part of a ReadProcessMemory or WriteProcessMemory request was completed. (0x12B)
[0622/002327.546:ERROR:process_memory_win.cc(73)] ReadMemory at 0x214b272cff0 of 132 bytes failed: Only part of a ReadProcessMemory or WriteProcessMemory request was completed. (0x12B)
[0622/002327.546:ERROR:process_memory_win.cc(73)] ReadMemory at 0x214b272d120 of 132 bytes failed: Only part of a ReadProcessMemory or WriteProcessMemory request was completed. (0x12B)
[0622/002327.546:ERROR:process_memory_win.cc(73)] ReadMemory at 0x214b272d250 of 132 bytes failed: Only part of a ReadProcessMemory or WriteProcessMemory request was completed. (0x12B)
[0622/002327.546:ERROR:process_memory_win.cc(73)] ReadMemory at 0x214b272d4b0 of 132 bytes failed: Only part of a ReadProcessMemory or WriteProcessMemory request was completed. (0x12B)
[0622/002327.546:ERROR:process_memory_win.cc(73)] ReadMemory at 0x214b272d970 of 132 bytes failed: Only part of a ReadProcessMemory or WriteProcessMemory request was completed. (0x12B)
[0622/002327.546:ERROR:process_memory_win.cc(73)] ReadMemory at 0x214b272e1c0 of 132 bytes failed: Only part of a ReadProcessMemory or WriteProcessMemory request was completed. (0x12B)
[0622/002327.546:ERROR:process_memory_win.cc(73)] ReadMemory at 0x214b272e680 of 132 bytes failed: Only part of a ReadProcessMemory or WriteProcessMemory request was completed. (0x12B)
[0622/002327.546:ERROR:process_memory_win.cc(73)] ReadMemory at 0x214b272e7b0 of 132 bytes failed: Only part of a ReadProcessMemory or WriteProcessMemory request was completed. (0x12B)
[0622/002327.546:ERROR:process_memory_win.cc(73)] ReadMemory at 0x214b272e8e0 of 132 bytes failed: Only part of a ReadProcessMemory or WriteProcessMemory request was completed. (0x12B)
[0622/002327.546:ERROR:process_memory_win.cc(73)] ReadMemory at 0x214b272ea10 of 132 bytes failed: Only part of a ReadProcessMemory or WriteProcessMemory request was completed. (0x12B)
[0622/002327.546:ERROR:process_memory_win.cc(73)] ReadMemory at 0x214b2746ff0 of 512 bytes failed: Only part of a ReadProcessMemory or WriteProcessMemory request was completed. (0x12B)
[0622/002327.546:ERROR:process_memory_win.cc(73)] ReadMemory at 0x214b2747430 of 512 bytes failed: Only part of a ReadProcessMemory or WriteProcessMemory request was completed. (0x12B)
[0622/002327.546:ERROR:process_memory_win.cc(73)] ReadMemory at 0x214b2d60dc0 of 512 bytes failed: Only part of a ReadProcessMemory or WriteProcessMemory request was completed. (0x12B)
[0622/002327.546:ERROR:process_memory_win.cc(73)] ReadMemory at 0x214b2d619c0 of 512 bytes failed: Only part of a ReadProcessMemory or WriteProcessMemory request was completed. (0x12B)
[0622/002327.546:ERROR:process_memory_win.cc(73)] ReadMemory at 0x214b2f20000 of 384 bytes failed: Only part of a ReadProcessMemory or WriteProcessMemory request was completed. (0x12B)
[0622/002327.546:ERROR:process_memory_win.cc(73)] ReadMemory at 0x214b2f64970 of 512 bytes failed: Only part of a ReadProcessMemory or WriteProcessMemory request was completed. (0x12B)
[0622/002327.546:ERROR:process_memory_win.cc(73)] ReadMemory at 0x214b2f7acb0 of 512 bytes failed: Only part of a ReadProcessMemory or WriteProcessMemory request was completed. (0x12B)
[0622/002327.546:ERROR:process_memory_win.cc(73)] ReadMemory at 0x214b2f7b820 of 712 bytes failed: Only part of a ReadProcessMemory or WriteProcessMemory request was completed. (0x12B)
[0622/002327.546:ERROR:process_memory_win.cc(73)] ReadMemory at 0x214b2f81350 of 512 bytes failed: Only part of a ReadProcessMemory or WriteProcessMemory request was completed. (0x12B)
[0622/002327.546:ERROR:process_memory_win.cc(73)] ReadMemory at 0x214b300eac0 of 512 bytes failed: Only part of a ReadProcessMemory or WriteProcessMemory request was completed. (0x12B)
[0622/002327.546:ERROR:process_memory_win.cc(73)] ReadMemory at 0x214b45aebd0 of 512 bytes failed: Only part of a ReadProcessMemory or WriteProcessMemory request was completed. (0x12B)
[0622/002327.546:ERROR:process_memory_win.cc(73)] ReadMemory at 0x214b4663e10 of 512 bytes failed: Only part of a ReadProcessMemory or WriteProcessMemory request was completed. (0x12B)
[0622/002327.546:ERROR:process_memory_win.cc(73)] ReadMemory at 0x214b4669430 of 512 bytes failed: Only part of a ReadProcessMemory or WriteProcessMemory request was completed. (0x12B)
[0622/002327.546:ERROR:process_memory_win.cc(73)] ReadMemory at 0x214b479eb90 of 512 bytes failed: Only part of a ReadProcessMemory or WriteProcessMemory request was completed. (0x12B)
[0622/002327.546:ERROR:process_memory_win.cc(73)] ReadMemory at 0x214b4fe1b48 of 512 bytes failed: Only part of a ReadProcessMemory or WriteProcessMemory request was completed. (0x12B)
[0622/002327.546:ERROR:process_memory_win.cc(73)] ReadMemory at 0x7ffd7d7846ab of 512 bytes failed: Only part of a ReadProcessMemory or WriteProcessMemory request was completed. (0x12B)
[0622/002327.546:ERROR:process_memory_win.cc(73)] ReadMemory at 0x7ffd7fb98cdc of 512 bytes failed: Only part of a ReadProcessMemory or WriteProcessMemory request was completed. (0x12B)
[0622/002327.546:ERROR:process_memory_win.cc(73)] ReadMemory at 0x7ffd8031071e of 553 bytes failed: Only part of a ReadProcessMemory or WriteProcessMemory request was completed. (0x12B)
[0622/002327.546:ERROR:process_memory_win.cc(73)] ReadMemory at 0x7ffdf93bc6e0 of 512 bytes failed: Only part of a ReadProcessMemory or WriteProcessMemory request was completed. (0x12B)
[0622/002327.546:ERROR:process_memory_win.cc(73)] ReadMemory at 0x7ffdfbadc074 of 672 bytes failed: Only part of a ReadProcessMemory or WriteProcessMemory request was completed. (0x12B)
[0622/002327.546:ERROR:process_memory_win.cc(73)] ReadMemory at 0x7ffdfbadc674 of 512 bytes failed: Only part of a ReadProcessMemory or WriteProcessMemory request was completed. (0x12B)
[0622/002327.546:ERROR:process_memory_win.cc(73)] ReadMemory at 0x7ffdfbadf924 of 608 bytes failed: Only part of a ReadProcessMemory or WriteProcessMemory request was completed. (0x12B)
[0622/002327.546:ERROR:process_memory_win.cc(73)] ReadMemory at 0x7ffdfbb6c428 of 18 bytes failed: Only part of a ReadProcessMemory or WriteProcessMemory request was completed. (0x12B)
[0622/002327.546:ERROR:process_memory_win.cc(73)] ReadMemory at 0x7ffdfbb9f4f8 of 40 bytes failed: Only part of a ReadProcessMemory or WriteProcessMemory request was completed. (0x12B)
[0622/002327.546:ERROR:process_memory_win.cc(73)] ReadMemory at 0x7ffdfbb9f978 of 48 bytes failed: Only part of a ReadProcessMemory or WriteProcessMemory request was completed. (0x12B)
[0622/002327.546:ERROR:process_memory_win.cc(73)] ReadMemory at 0x7ffdfbba53c0 of 64 bytes failed: Only part of a ReadProcessMemory or WriteProcessMemory request was completed. (0x12B)
[0622/002327.546:ERROR:scoped_process_suspend.cc(40)] NtResumeProcess: An attempt was made to access an exiting process. (0xc000010a)
